<?xml version="1.0" encoding="UTF-8"?>
<!-- Generated by org.testng.reporters.JUnitReportReporter -->
<testsuite hostname="LAPTOP-U6AJGE7L" failures="0" tests="1" name="visit.ictkerala.pages.HomePage_TestSuite" time="0.051" errors="0" timestamp="2025-02-05T19:22:44 IST" skipped="0">
  <testcase classname="visit.ictkerala.pages.HomePage_TestSuite" name="postValidate_welcomeHomePage" time="0.051"/>
</testsuite> <!-- visit.ictkerala.pages.HomePage_TestSuite -->
